0 info it worked if it ends with ok
1 verbose cli [ '/usr/local/bin/node', '/usr/local/bin/npm', 'start' ]
2 info using npm@3.8.6
3 info using node@v6.0.0
4 verbose run-script [ 'prestart', 'start', 'poststart' ]
5 info lifecycle express-test-api@~prestart: express-test-api@
6 silly lifecycle express-test-api@~prestart: no script for prestart, continuing
7 info lifecycle express-test-api@~start: express-test-api@
8 verbose lifecycle express-test-api@~start: unsafe-perm in lifecycle true
9 verbose lifecycle express-test-api@~start: PATH: /usr/local/lib/node_modules/npm/bin/node-gyp-bin:/Users/alin/sandbox/express-test-api/node_modules/.bin:/usr/local/bin:/usr/local/bin:/usr/bin:/bin:/usr/sbin:/sbin
10 verbose lifecycle express-test-api@~start: CWD: /Users/alin/sandbox/express-test-api
11 silly lifecycle express-test-api@~start: Args: [ '-c', 'node server.js' ]
12 silly lifecycle express-test-api@~start: Returned: code: 1  signal: null
13 info lifecycle express-test-api@~start: Failed to exec start script
14 verbose stack Error: express-test-api@ start: `node server.js`
14 verbose stack Exit status 1
14 verbose stack     at EventEmitter.<anonymous> (/usr/local/lib/node_modules/npm/lib/utils/lifecycle.js:239:16)
14 verbose stack     at emitTwo (events.js:106:13)
14 verbose stack     at EventEmitter.emit (events.js:191:7)
14 verbose stack     at ChildProcess.<anonymous> (/usr/local/lib/node_modules/npm/lib/utils/spawn.js:24:14)
14 verbose stack     at emitTwo (events.js:106:13)
14 verbose stack     at ChildProcess.emit (events.js:191:7)
14 verbose stack     at maybeClose (internal/child_process.js:850:16)
14 verbose stack     at Process.ChildProcess._handle.onexit (internal/child_process.js:215:5)
15 verbose pkgid express-test-api@
16 verbose cwd /Users/alin/sandbox/express-test-api
17 error Darwin 15.5.0
18 error argv "/usr/local/bin/node" "/usr/local/bin/npm" "start"
19 error node v6.0.0
20 error npm  v3.8.6
21 error code ELIFECYCLE
22 error express-test-api@ start: `node server.js`
22 error Exit status 1
23 error Failed at the express-test-api@ start script 'node server.js'.
23 error Make sure you have the latest version of node.js and npm installed.
23 error If you do, this is most likely a problem with the express-test-api package,
23 error not with npm itself.
23 error Tell the author that this fails on your system:
23 error     node server.js
23 error You can get information on how to open an issue for this project with:
23 error     npm bugs express-test-api
23 error Or if that isn't available, you can get their info via:
23 error     npm owner ls express-test-api
23 error There is likely additional logging output above.
24 verbose exit [ 1, true ]
